<?xml version='1.0' encoding='UTF-8'?>
<testsuite hostname="adnepukan-deepin" name="MultiplyTester" tests="1" errors="0" failures="0" skipped="0" time="7.245" timestamp="2024-01-13T20:26:10">
          <properties>
      <property name="awt.toolkit" value="sun.awt.X11.XToolkit"/><property name="java.specification.version" value="11"/><property name="sun.cpu.isalist" value=""/><property name="sun.jnu.encoding" value="UTF-8"/><property name="sun.arch.data.model" value="64"/><property name="java.vendor.url" value="Unknown"/><property name="sun.boot.library.path" value="/usr/lib/jvm/java-11-openjdk-amd64/lib"/><property name="sun.java.command" value="/home/adnepukan/.cache/sbt/boot/sbt-launch/1.9.8/sbt-launch-1.9.8.jar test"/><property name="jdk.debug" value="release"/><property name="java.specification.vendor" value="Oracle Corporation"/><property name="java.version.date" value="2020-11-04"/><property name="java.home" value="/usr/lib/jvm/java-11-openjdk-amd64"/><property name="file.separator" value="/"/><property name="java.vm.compressedOopsMode" value="32-bit"/><property name="line.separator" value="
"/><property name="java.specification.name" value="Java Platform API Specification"/><property name="java.vm.specification.vendor" value="Oracle Corporation"/><property name="sun.management.compiler" value="HotSpot 64-Bit Tiered Compilers"/><property name="java.runtime.version" value="11.0.9.1+1-post-Uos-1deb10u2"/><property name="user.name" value="adnepukan"/><property name="log4j.ignoreTCL" value="true"/><property name="file.encoding" value="UTF-8"/><property name="jnidispatch.path" value="/home/adnepukan/.cache/JNA/temp/jna13214916080580209619.tmp"/><property name="jna.loaded" value="true"/><property name="java.io.tmpdir" value="/tmp"/><property name="java.version" value="11.0.9.1"/><property name="java.vm.specification.name" value="Java Virtual Machine Specification"/><property name="java.awt.printerjob" value="sun.print.PSPrinterJob"/><property name="sun.os.patch.level" value="unknown"/><property name="java.library.path" value="/usr/java/packages/lib:/usr/lib/x86_64-linux-gnu/jni:/lib/x86_64-linux-gnu:/usr/lib/x86_64-linux-gnu:/usr/lib/jni:/lib:/usr/lib"/><property name="java.vendor" value="Uos"/><property name="scala.ext.dirs" value="/home/adnepukan/.sbt/1.0/java9-rt-ext-uos_11_0_9_1"/><property name="sun.io.unicode.encoding" value="UnicodeLittle"/><property name="sun.desktop" value="gnome"/><property name="java.class.path" value="/home/adnepukan/.cache/sbt/boot/sbt-launch/1.9.8/sbt-launch-1.9.8.jar"/><property name="java.vm.vendor" value="Uos"/><property name="jline.shutdownhook" value="false"/><property name="user.timezone" value="GMT+08:00"/><property name="os.name" value="Linux"/><property name="java.vm.specification.version" value="11"/><property name="sun.java.launcher" value="SUN_STANDARD"/><property name="user.country" value="TW"/><property name="sun.cpu.endian" value="little"/><property name="user.home" value="/home/adnepukan"/><property name="user.language" value="zh"/><property name="sbt.script" value="/usr/bin/sbt"/><property name="sbt.ipcsocket.tmpdir" value="/run/user/1000/.sbtfb5a5db9/ipcsocket"/><property name="swoval.tmpdir" value="/run/user/1000/.sbtfb5a5db9/swoval"/><property name="java.awt.graphicsenv" value="sun.awt.X11GraphicsEnvironment"/><property name="jline.esc.timeout" value="0"/><property name="path.separator" value=":"/><property name="os.version" value="5.18.17-amd64-desktop-hwe"/><property name="jna.nosys" value="true"/><property name="java.runtime.name" value="OpenJDK Runtime Environment"/><property name="java.vm.name" value="OpenJDK 64-Bit Server VM"/><property name="jna.platform.library.path" value="/usr/lib/x86_64-linux-gnu:/lib/x86_64-linux-gnu:/usr/lib64:/lib64:/usr/lib:/lib:/lib/i386-linux-gnu:/lib/i386-linux-gnu/i686/sse2:/lib/i386-linux-gnu/sse2:/lib32"/><property name="java.vendor.url.bug" value="Unknown"/><property name="user.dir" value="/home/adnepukan/parallel.les/homework2/chisel-systolic-mac"/><property name="os.arch" value="amd64"/><property name="java.vm.info" value="mixed mode, sharing"/><property name="java.vm.version" value="11.0.9.1+1-post-Uos-1deb10u2"/><property name="java.class.version" value="55.0"/>
    </properties>
          <testcase classname="MultiplyTester" name="Multiply should pass" time="7.245">
                      
                    </testcase>
          <system-out><![CDATA[]]></system-out>
          <system-err><![CDATA[]]></system-err>
        </testsuite>